<?xml version="1.0" encoding="UTF-8"?>
<!-- Generated by org.testng.reporters.JUnitXMLReporter -->
<testsuite ignored="6" hostname="Shivi" failures="0" tests="1" name="Default test" time="14.151" errors="0" timestamp="2024-07-22T03:55:59 IST">
  <testcase classname="bottle.Store_Pet" name="createWithlist" time="13.797"/>
  <testcase classname="bottle.Store_Pet" name="UpdatedUser" time="0.0">
    <ignored/>
  </testcase> <!-- UpdatedUser -->
  <testcase classname="bottle.Store_Pet" name="delete" time="0.0">
    <ignored/>
  </testcase> <!-- delete -->
  <testcase classname="bottle.Store_Pet" name="loginUser" time="0.0">
    <ignored/>
  </testcase> <!-- loginUser -->
  <testcase classname="bottle.Store_Pet" name="UserName" time="0.0">
    <ignored/>
  </testcase> <!-- UserName -->
  <testcase classname="bottle.Store_Pet" name="login" time="0.0">
    <ignored/>
  </testcase> <!-- login -->
  <testcase classname="bottle.Store_Pet" name="logoutUser" time="0.0">
    <ignored/>
  </testcase> <!-- logoutUser -->
</testsuite> <!-- Default test -->
